[2.324s] DEBUG:colcon:Command line arguments: ['/usr/bin/colcon', 'build']
[2.324s] DEBUG:colcon:Parsed command line arguments: Namespace(allow_overriding=[], ament_cmake_args=None, base_paths=['.'], build_base='build', catkin_cmake_args=None, catkin_skip_building_tests=False, cmake_args=None, cmake_clean_cache=False, cmake_clean_first=False, cmake_force_configure=False, cmake_target=None, cmake_target_skip_unavailable=False, continue_on_error=False, event_handlers=None, executor='parallel', ignore_user_meta=False, install_base='install', log_base=None, log_level=None, main=<bound method BuildVerb.main of <colcon_core.verb.build.BuildVerb object at 0x7f4118c269a0>>, merge_install=False, metas=['./colcon.meta'], packages_above=None, packages_above_and_dependencies=None, packages_above_depth=None, packages_end=None, packages_ignore=None, packages_ignore_regex=None, packages_select=None, packages_select_build_failed=False, packages_select_by_dep=None, packages_select_regex=None, packages_select_test_failures=False, packages_skip=None, packages_skip_build_finished=False, packages_skip_by_dep=None, packages_skip_regex=None, packages_skip_test_passed=False, packages_skip_up_to=None, packages_start=None, packages_up_to=None, packages_up_to_regex=None, parallel_workers=2, paths=None, symlink_install=False, test_result_base=None, verb_extension=<colcon_core.verb.build.BuildVerb object at 0x7f4118c269a0>, verb_name='build', verb_parser=<colcon_defaults.argument_parser.defaults.DefaultArgumentsDecorator object at 0x7f4118c37d90>)
[2.531s] Level 1:colcon.colcon_core.package_discovery:discover_packages(colcon_meta) check parameters
[2.532s] Level 1:colcon.colcon_core.package_discovery:discover_packages(recursive) check parameters
[2.532s] Level 1:colcon.colcon_core.package_discovery:discover_packages(ignore) check parameters
[2.532s] Level 1:colcon.colcon_core.package_discovery:discover_packages(path) check parameters
[2.532s] Level 1:colcon.colcon_core.package_discovery:discover_packages(colcon_meta) discover
[2.532s] Level 1:colcon.colcon_core.package_discovery:discover_packages(recursive) discover
[2.532s] INFO:colcon.colcon_core.package_discovery:Crawling recursively for packages in '/home/shivam/pr2_ws/src/pr2'
[2.532s] Level 1:colcon.colcon_core.package_identification:_identify(.) by extensions ['ignore', 'ignore_ament_install']
[2.533s] Level 1:colcon.colcon_core.package_identification:_identify(.) by extension 'ignore'
[2.533s] Level 1:colcon.colcon_core.package_identification:_identify(.) by extension 'ignore_ament_install'
[2.533s] Level 1:colcon.colcon_core.package_identification:_identify(.) by extensions ['colcon_pkg']
[2.533s] Level 1:colcon.colcon_core.package_identification:_identify(.) by extension 'colcon_pkg'
[2.533s] Level 1:colcon.colcon_core.package_identification:_identify(.) by extensions ['colcon_meta']
[2.533s] Level 1:colcon.colcon_core.package_identification:_identify(.) by extension 'colcon_meta'
[2.534s] Level 1:colcon.colcon_core.package_identification:_identify(.) by extensions ['ros']
[2.534s] Level 1:colcon.colcon_core.package_identification:_identify(.) by extension 'ros'
[2.549s] DEBUG:colcon.colcon_core.package_identification:Package '.' with type 'ros.ament_cmake' and name 'pr2'
[2.549s] Level 1:colcon.colcon_core.package_discovery:discover_packages(recursive) using defaults
[2.549s] Level 1:colcon.colcon_core.package_discovery:discover_packages(ignore) discover
[2.549s] Level 1:colcon.colcon_core.package_discovery:discover_packages(ignore) using defaults
[2.549s] Level 1:colcon.colcon_core.package_discovery:discover_packages(path) discover
[2.550s] Level 1:colcon.colcon_core.package_discovery:discover_packages(path) using defaults
[2.753s] Level 1:colcon.colcon_core.package_discovery:discover_packages(prefix_path) check parameters
[2.753s] Level 1:colcon.colcon_core.package_discovery:discover_packages(prefix_path) discover
[2.829s] DEBUG:colcon.colcon_installed_package_information.package_discovery:Found 1 installed packages in /home/shivam/pr2_ws/install
[2.870s] DEBUG:colcon.colcon_installed_package_information.package_discovery:Found 353 installed packages in /opt/ros/galactic
[2.872s] Level 1:colcon.colcon_core.package_discovery:discover_packages(prefix_path) using defaults
[3.089s] Level 5:colcon.colcon_core.verb:set package 'pr2' build argument 'cmake_args' from command line to 'None'
[3.089s] Level 5:colcon.colcon_core.verb:set package 'pr2' build argument 'cmake_target' from command line to 'None'
[3.089s] Level 5:colcon.colcon_core.verb:set package 'pr2' build argument 'cmake_target_skip_unavailable' from command line to 'False'
[3.089s] Level 5:colcon.colcon_core.verb:set package 'pr2' build argument 'cmake_clean_cache' from command line to 'False'
[3.089s] Level 5:colcon.colcon_core.verb:set package 'pr2' build argument 'cmake_clean_first' from command line to 'False'
[3.089s] Level 5:colcon.colcon_core.verb:set package 'pr2' build argument 'cmake_force_configure' from command line to 'False'
[3.089s] Level 5:colcon.colcon_core.verb:set package 'pr2' build argument 'ament_cmake_args' from command line to 'None'
[3.089s] Level 5:colcon.colcon_core.verb:set package 'pr2' build argument 'catkin_cmake_args' from command line to 'None'
[3.089s] Level 5:colcon.colcon_core.verb:set package 'pr2' build argument 'catkin_skip_building_tests' from command line to 'False'
[3.089s] DEBUG:colcon.colcon_core.verb:Building package 'pr2' with the following arguments: {'ament_cmake_args': None, 'build_base': '/home/shivam/pr2_ws/src/pr2/build/pr2', 'catkin_cmake_args': None, 'catkin_skip_building_tests': False, 'cmake_args': None, 'cmake_clean_cache': False, 'cmake_clean_first': False, 'cmake_force_configure': False, 'cmake_target': None, 'cmake_target_skip_unavailable': False, 'install_base': '/home/shivam/pr2_ws/src/pr2/install/pr2', 'merge_install': False, 'path': '/home/shivam/pr2_ws/src/pr2', 'symlink_install': False, 'test_result_base': None}
[3.136s] INFO:colcon.colcon_core.executor:Executing jobs using 'parallel' executor
[3.187s] DEBUG:colcon.colcon_parallel_executor.executor.parallel:run_until_complete
[3.187s] INFO:colcon.colcon_ros.task.ament_cmake.build:Building ROS package in '/home/shivam/pr2_ws/src/pr2' with build type 'ament_cmake'
[3.188s] INFO:colcon.colcon_cmake.task.cmake.build:Building CMake package in '/home/shivam/pr2_ws/src/pr2'
[3.243s] INFO:colcon.colcon_core.plugin_system:Skipping extension 'colcon_core.shell.bat': Not used on non-Windows systems
[3.243s] INFO:colcon.colcon_core.shell:Skip shell extension 'powershell' for command environment: Not usable outside of PowerShell
[3.243s] DEBUG:colcon.colcon_core.shell:Skip shell extension 'dsv' for command environment
[3.539s] DEBUG:colcon.colcon_core.event_handler.log_command:Invoking command in '/home/shivam/pr2_ws/src/pr2/build/pr2': CMAKE_PREFIX_PATH=${CMAKE_PREFIX_PATH}:/opt/ros/galactic /usr/bin/cmake --build /home/shivam/pr2_ws/src/pr2/build/pr2 -- -j2 -l2
[3.713s] DEBUG:colcon.colcon_core.event_handler.log_command:Invoked command in '/home/shivam/pr2_ws/src/pr2/build/pr2' returned '0': CMAKE_PREFIX_PATH=${CMAKE_PREFIX_PATH}:/opt/ros/galactic /usr/bin/cmake --build /home/shivam/pr2_ws/src/pr2/build/pr2 -- -j2 -l2
[3.770s] DEBUG:colcon.colcon_core.event_handler.log_command:Invoking command in '/home/shivam/pr2_ws/src/pr2/build/pr2': CMAKE_PREFIX_PATH=${CMAKE_PREFIX_PATH}:/opt/ros/galactic /usr/bin/cmake --install /home/shivam/pr2_ws/src/pr2/build/pr2
[4.040s] Level 1:colcon.colcon_core.environment:create_environment_scripts_only(pr2)
[4.042s] DEBUG:colcon.colcon_core.event_handler.log_command:Invoked command in '/home/shivam/pr2_ws/src/pr2/build/pr2' returned '0': CMAKE_PREFIX_PATH=${CMAKE_PREFIX_PATH}:/opt/ros/galactic /usr/bin/cmake --install /home/shivam/pr2_ws/src/pr2/build/pr2
[4.088s] Level 1:colcon.colcon_core.environment:checking '/home/shivam/pr2_ws/src/pr2/install/pr2' for CMake module files
[4.088s] Level 1:colcon.colcon_core.environment:checking '/home/shivam/pr2_ws/src/pr2/install/pr2' for CMake config files
[4.089s] Level 1:colcon.colcon_core.shell:create_environment_hook('pr2', 'cmake_prefix_path')
[4.140s] INFO:colcon.colcon_core.shell:Creating environment hook '/home/shivam/pr2_ws/src/pr2/install/pr2/share/pr2/hook/cmake_prefix_path.ps1'
[4.142s] INFO:colcon.colcon_core.shell:Creating environment descriptor '/home/shivam/pr2_ws/src/pr2/install/pr2/share/pr2/hook/cmake_prefix_path.dsv'
[4.143s] INFO:colcon.colcon_core.shell:Creating environment hook '/home/shivam/pr2_ws/src/pr2/install/pr2/share/pr2/hook/cmake_prefix_path.sh'
[4.145s] Level 1:colcon.colcon_core.environment:checking '/home/shivam/pr2_ws/src/pr2/install/pr2/lib'
[4.145s] Level 1:colcon.colcon_core.environment:checking '/home/shivam/pr2_ws/src/pr2/install/pr2/bin'
[4.145s] Level 1:colcon.colcon_core.environment:checking '/home/shivam/pr2_ws/src/pr2/install/pr2/lib/pkgconfig/pr2.pc'
[4.146s] Level 1:colcon.colcon_core.environment:checking '/home/shivam/pr2_ws/src/pr2/install/pr2/lib/python3.8/site-packages'
[4.146s] Level 1:colcon.colcon_core.environment:checking '/home/shivam/pr2_ws/src/pr2/install/pr2/bin'
[4.193s] INFO:colcon.colcon_core.shell:Creating package script '/home/shivam/pr2_ws/src/pr2/install/pr2/share/pr2/package.ps1'
[4.194s] INFO:colcon.colcon_core.shell:Creating package descriptor '/home/shivam/pr2_ws/src/pr2/install/pr2/share/pr2/package.dsv'
[4.196s] INFO:colcon.colcon_core.shell:Creating package script '/home/shivam/pr2_ws/src/pr2/install/pr2/share/pr2/package.sh'
[4.197s] INFO:colcon.colcon_core.shell:Creating package script '/home/shivam/pr2_ws/src/pr2/install/pr2/share/pr2/package.bash'
[4.198s] INFO:colcon.colcon_core.shell:Creating package script '/home/shivam/pr2_ws/src/pr2/install/pr2/share/pr2/package.zsh'
[4.202s] Level 1:colcon.colcon_core.environment:create_file_with_runtime_dependencies(/home/shivam/pr2_ws/src/pr2/install/pr2/share/colcon-core/packages/pr2)
[4.334s] Level 1:colcon.colcon_core.environment:create_environment_scripts_only(pr2)
[4.377s] Level 1:colcon.colcon_core.environment:checking '/home/shivam/pr2_ws/src/pr2/install/pr2' for CMake module files
[4.378s] Level 1:colcon.colcon_core.environment:checking '/home/shivam/pr2_ws/src/pr2/install/pr2' for CMake config files
[4.378s] Level 1:colcon.colcon_core.shell:create_environment_hook('pr2', 'cmake_prefix_path')
[4.420s] INFO:colcon.colcon_core.shell:Creating environment hook '/home/shivam/pr2_ws/src/pr2/install/pr2/share/pr2/hook/cmake_prefix_path.ps1'
[4.421s] INFO:colcon.colcon_core.shell:Creating environment descriptor '/home/shivam/pr2_ws/src/pr2/install/pr2/share/pr2/hook/cmake_prefix_path.dsv'
[4.421s] INFO:colcon.colcon_core.shell:Creating environment hook '/home/shivam/pr2_ws/src/pr2/install/pr2/share/pr2/hook/cmake_prefix_path.sh'
[4.422s] Level 1:colcon.colcon_core.environment:checking '/home/shivam/pr2_ws/src/pr2/install/pr2/lib'
[4.423s] Level 1:colcon.colcon_core.environment:checking '/home/shivam/pr2_ws/src/pr2/install/pr2/bin'
[4.423s] Level 1:colcon.colcon_core.environment:checking '/home/shivam/pr2_ws/src/pr2/install/pr2/lib/pkgconfig/pr2.pc'
[4.423s] Level 1:colcon.colcon_core.environment:checking '/home/shivam/pr2_ws/src/pr2/install/pr2/lib/python3.8/site-packages'
[4.423s] Level 1:colcon.colcon_core.environment:checking '/home/shivam/pr2_ws/src/pr2/install/pr2/bin'
[4.462s] INFO:colcon.colcon_core.shell:Creating package script '/home/shivam/pr2_ws/src/pr2/install/pr2/share/pr2/package.ps1'
[4.463s] INFO:colcon.colcon_core.shell:Creating package descriptor '/home/shivam/pr2_ws/src/pr2/install/pr2/share/pr2/package.dsv'
[4.464s] INFO:colcon.colcon_core.shell:Creating package script '/home/shivam/pr2_ws/src/pr2/install/pr2/share/pr2/package.sh'
[4.464s] INFO:colcon.colcon_core.shell:Creating package script '/home/shivam/pr2_ws/src/pr2/install/pr2/share/pr2/package.bash'
[4.465s] INFO:colcon.colcon_core.shell:Creating package script '/home/shivam/pr2_ws/src/pr2/install/pr2/share/pr2/package.zsh'
[4.466s] Level 1:colcon.colcon_core.environment:create_file_with_runtime_dependencies(/home/shivam/pr2_ws/src/pr2/install/pr2/share/colcon-core/packages/pr2)
[4.468s] DEBUG:colcon.colcon_parallel_executor.executor.parallel:closing loop
[4.469s] DEBUG:colcon.colcon_parallel_executor.executor.parallel:loop closed
[4.469s] DEBUG:colcon.colcon_parallel_executor.executor.parallel:run_until_complete finished with '0'
[4.469s] DEBUG:colcon.colcon_core.event_reactor:joining thread
[4.517s] INFO:colcon.colcon_core.plugin_system:Skipping extension 'colcon_notification.desktop_notification.terminal_notifier': Not used on non-Darwin systems
[4.518s] INFO:colcon.colcon_core.plugin_system:Skipping extension 'colcon_notification.desktop_notification.win32': Not used on non-Windows systems
[4.518s] INFO:colcon.colcon_notification.desktop_notification:Sending desktop notification using 'notify2'
[4.555s] DEBUG:colcon.colcon_core.event_reactor:joined thread
[4.614s] INFO:colcon.colcon_core.shell:Creating prefix script '/home/shivam/pr2_ws/src/pr2/install/local_setup.ps1'
[4.619s] INFO:colcon.colcon_core.shell:Creating prefix util module '/home/shivam/pr2_ws/src/pr2/install/_local_setup_util_ps1.py'
[4.621s] INFO:colcon.colcon_core.shell:Creating prefix chain script '/home/shivam/pr2_ws/src/pr2/install/setup.ps1'
[4.690s] INFO:colcon.colcon_core.shell:Creating prefix script '/home/shivam/pr2_ws/src/pr2/install/local_setup.sh'
[4.691s] INFO:colcon.colcon_core.shell:Creating prefix util module '/home/shivam/pr2_ws/src/pr2/install/_local_setup_util_sh.py'
[4.692s] INFO:colcon.colcon_core.shell:Creating prefix chain script '/home/shivam/pr2_ws/src/pr2/install/setup.sh'
[4.769s] INFO:colcon.colcon_core.shell:Creating prefix script '/home/shivam/pr2_ws/src/pr2/install/local_setup.bash'
[4.773s] INFO:colcon.colcon_core.shell:Creating prefix chain script '/home/shivam/pr2_ws/src/pr2/install/setup.bash'
[4.832s] INFO:colcon.colcon_core.shell:Creating prefix script '/home/shivam/pr2_ws/src/pr2/install/local_setup.zsh'
[4.832s] INFO:colcon.colcon_core.shell:Creating prefix chain script '/home/shivam/pr2_ws/src/pr2/install/setup.zsh'
