[2.563s] DEBUG:colcon:Command line arguments: ['/usr/bin/colcon', 'build']
[2.564s] DEBUG:colcon:Parsed command line arguments: Namespace(allow_overriding=[], ament_cmake_args=None, base_paths=['.'], build_base='build', catkin_cmake_args=None, catkin_skip_building_tests=False, cmake_args=None, cmake_clean_cache=False, cmake_clean_first=False, cmake_force_configure=False, cmake_target=None, cmake_target_skip_unavailable=False, continue_on_error=False, event_handlers=None, executor='parallel', ignore_user_meta=False, install_base='install', log_base=None, log_level=None, main=<bound method BuildVerb.main of <colcon_core.verb.build.BuildVerb object at 0x7ff198e1ff40>>, merge_install=False, metas=['./colcon.meta'], packages_above=None, packages_above_and_dependencies=None, packages_above_depth=None, packages_end=None, packages_ignore=None, packages_ignore_regex=None, packages_select=None, packages_select_build_failed=False, packages_select_by_dep=None, packages_select_regex=None, packages_select_test_failures=False, packages_skip=None, packages_skip_build_finished=False, packages_skip_by_dep=None, packages_skip_regex=None, packages_skip_test_passed=False, packages_skip_up_to=None, packages_start=None, packages_up_to=None, packages_up_to_regex=None, parallel_workers=2, paths=None, symlink_install=False, test_result_base=None, verb_extension=<colcon_core.verb.build.BuildVerb object at 0x7ff198e1ff40>, verb_name='build', verb_parser=<colcon_defaults.argument_parser.defaults.DefaultArgumentsDecorator object at 0x7ff198dc6790>)
[2.830s] Level 1:colcon.colcon_core.package_discovery:discover_packages(colcon_meta) check parameters
[2.830s] Level 1:colcon.colcon_core.package_discovery:discover_packages(recursive) check parameters
[2.830s] Level 1:colcon.colcon_core.package_discovery:discover_packages(ignore) check parameters
[2.830s] Level 1:colcon.colcon_core.package_discovery:discover_packages(path) check parameters
[2.830s] Level 1:colcon.colcon_core.package_discovery:discover_packages(colcon_meta) discover
[2.830s] Level 1:colcon.colcon_core.package_discovery:discover_packages(recursive) discover
[2.830s] INFO:colcon.colcon_core.package_discovery:Crawling recursively for packages in '/home/shivam/pr2_ws/src/pr2'
[2.830s] Level 1:colcon.colcon_core.package_identification:_identify(.) by extensions ['ignore', 'ignore_ament_install']
[2.830s] Level 1:colcon.colcon_core.package_identification:_identify(.) by extension 'ignore'
[2.830s] Level 1:colcon.colcon_core.package_identification:_identify(.) by extension 'ignore_ament_install'
[2.830s] Level 1:colcon.colcon_core.package_identification:_identify(.) by extensions ['colcon_pkg']
[2.830s] Level 1:colcon.colcon_core.package_identification:_identify(.) by extension 'colcon_pkg'
[2.830s] Level 1:colcon.colcon_core.package_identification:_identify(.) by extensions ['colcon_meta']
[2.830s] Level 1:colcon.colcon_core.package_identification:_identify(.) by extension 'colcon_meta'
[2.830s] Level 1:colcon.colcon_core.package_identification:_identify(.) by extensions ['ros']
[2.830s] Level 1:colcon.colcon_core.package_identification:_identify(.) by extension 'ros'
[2.893s] DEBUG:colcon.colcon_core.package_identification:Package '.' with type 'ros.ament_cmake' and name 'pr2'
[2.893s] Level 1:colcon.colcon_core.package_discovery:discover_packages(recursive) using defaults
[2.894s] Level 1:colcon.colcon_core.package_discovery:discover_packages(ignore) discover
[2.894s] Level 1:colcon.colcon_core.package_discovery:discover_packages(ignore) using defaults
[2.894s] Level 1:colcon.colcon_core.package_discovery:discover_packages(path) discover
[2.894s] Level 1:colcon.colcon_core.package_discovery:discover_packages(path) using defaults
[3.177s] Level 1:colcon.colcon_core.package_discovery:discover_packages(prefix_path) check parameters
[3.177s] Level 1:colcon.colcon_core.package_discovery:discover_packages(prefix_path) discover
[3.267s] DEBUG:colcon.colcon_installed_package_information.package_discovery:Found 353 installed packages in /opt/ros/galactic
[3.271s] Level 1:colcon.colcon_core.package_discovery:discover_packages(prefix_path) using defaults
[3.522s] Level 5:colcon.colcon_core.verb:set package 'pr2' build argument 'cmake_args' from command line to 'None'
[3.522s] Level 5:colcon.colcon_core.verb:set package 'pr2' build argument 'cmake_target' from command line to 'None'
[3.522s] Level 5:colcon.colcon_core.verb:set package 'pr2' build argument 'cmake_target_skip_unavailable' from command line to 'False'
[3.522s] Level 5:colcon.colcon_core.verb:set package 'pr2' build argument 'cmake_clean_cache' from command line to 'False'
[3.522s] Level 5:colcon.colcon_core.verb:set package 'pr2' build argument 'cmake_clean_first' from command line to 'False'
[3.522s] Level 5:colcon.colcon_core.verb:set package 'pr2' build argument 'cmake_force_configure' from command line to 'False'
[3.522s] Level 5:colcon.colcon_core.verb:set package 'pr2' build argument 'ament_cmake_args' from command line to 'None'
[3.522s] Level 5:colcon.colcon_core.verb:set package 'pr2' build argument 'catkin_cmake_args' from command line to 'None'
[3.522s] Level 5:colcon.colcon_core.verb:set package 'pr2' build argument 'catkin_skip_building_tests' from command line to 'False'
[3.522s] DEBUG:colcon.colcon_core.verb:Building package 'pr2' with the following arguments: {'ament_cmake_args': None, 'build_base': '/home/shivam/pr2_ws/src/pr2/build/pr2', 'catkin_cmake_args': None, 'catkin_skip_building_tests': False, 'cmake_args': None, 'cmake_clean_cache': False, 'cmake_clean_first': False, 'cmake_force_configure': False, 'cmake_target': None, 'cmake_target_skip_unavailable': False, 'install_base': '/home/shivam/pr2_ws/src/pr2/install/pr2', 'merge_install': False, 'path': '/home/shivam/pr2_ws/src/pr2', 'symlink_install': False, 'test_result_base': None}
[3.575s] INFO:colcon.colcon_core.executor:Executing jobs using 'parallel' executor
[3.616s] DEBUG:colcon.colcon_parallel_executor.executor.parallel:run_until_complete
[3.616s] INFO:colcon.colcon_ros.task.ament_cmake.build:Building ROS package in '/home/shivam/pr2_ws/src/pr2' with build type 'ament_cmake'
[3.616s] INFO:colcon.colcon_cmake.task.cmake.build:Building CMake package in '/home/shivam/pr2_ws/src/pr2'
[3.659s] INFO:colcon.colcon_core.plugin_system:Skipping extension 'colcon_core.shell.bat': Not used on non-Windows systems
[3.660s] INFO:colcon.colcon_core.shell:Skip shell extension 'powershell' for command environment: Not usable outside of PowerShell
[3.660s] DEBUG:colcon.colcon_core.shell:Skip shell extension 'dsv' for command environment
[3.762s] DEBUG:colcon.colcon_core.event_handler.log_command:Invoking command in '/home/shivam/pr2_ws/src/pr2/build/pr2': CMAKE_PREFIX_PATH=/opt/ros/galactic /usr/bin/cmake /home/shivam/pr2_ws/src/pr2 -DCMAKE_INSTALL_PREFIX=/home/shivam/pr2_ws/src/pr2/install/pr2
[5.047s] DEBUG:colcon.colcon_parallel_executor.executor.parallel:run_until_complete was interrupted
[5.048s] DEBUG:colcon.colcon_parallel_executor.executor.parallel:run_until_complete again
[5.107s] DEBUG:colcon.colcon_core.event_handler.log_command:Invoked command in '/home/shivam/pr2_ws/src/pr2/build/pr2' returned '-2': CMAKE_PREFIX_PATH=/opt/ros/galactic /usr/bin/cmake /home/shivam/pr2_ws/src/pr2 -DCMAKE_INSTALL_PREFIX=/home/shivam/pr2_ws/src/pr2/install/pr2
[5.186s] DEBUG:colcon.colcon_parallel_executor.executor.parallel:run_until_complete finished
[5.186s] DEBUG:colcon.colcon_parallel_executor.executor.parallel:closing loop
[5.186s] DEBUG:colcon.colcon_parallel_executor.executor.parallel:loop closed
[5.187s] DEBUG:colcon.colcon_core.event_reactor:joining thread
[5.875s] INFO:colcon.colcon_core.plugin_system:Skipping extension 'colcon_notification.desktop_notification.terminal_notifier': Not used on non-Darwin systems
[5.876s] INFO:colcon.colcon_core.plugin_system:Skipping extension 'colcon_notification.desktop_notification.win32': Not used on non-Windows systems
[5.877s] INFO:colcon.colcon_notification.desktop_notification:Sending desktop notification using 'notify2'
[7.784s] DEBUG:colcon.colcon_core.event_reactor:joined thread
[7.839s] INFO:colcon.colcon_core.shell:Creating prefix script '/home/shivam/pr2_ws/src/pr2/install/local_setup.ps1'
[7.848s] INFO:colcon.colcon_core.shell:Creating prefix util module '/home/shivam/pr2_ws/src/pr2/install/_local_setup_util_ps1.py'
[7.863s] INFO:colcon.colcon_core.shell:Creating prefix chain script '/home/shivam/pr2_ws/src/pr2/install/setup.ps1'
[7.906s] INFO:colcon.colcon_core.shell:Creating prefix script '/home/shivam/pr2_ws/src/pr2/install/local_setup.sh'
[7.907s] INFO:colcon.colcon_core.shell:Creating prefix util module '/home/shivam/pr2_ws/src/pr2/install/_local_setup_util_sh.py'
[7.908s] INFO:colcon.colcon_core.shell:Creating prefix chain script '/home/shivam/pr2_ws/src/pr2/install/setup.sh'
[7.963s] INFO:colcon.colcon_core.shell:Creating prefix script '/home/shivam/pr2_ws/src/pr2/install/local_setup.bash'
[7.967s] INFO:colcon.colcon_core.shell:Creating prefix chain script '/home/shivam/pr2_ws/src/pr2/install/setup.bash'
[8.024s] INFO:colcon.colcon_core.shell:Creating prefix script '/home/shivam/pr2_ws/src/pr2/install/local_setup.zsh'
[8.025s] INFO:colcon.colcon_core.shell:Creating prefix chain script '/home/shivam/pr2_ws/src/pr2/install/setup.zsh'
