-- Install configuration: ""
-- Up-to-date: /home/shivam/pr2_ws/src/pr2/install/pr2/share/pr2//urdf
-- Up-to-date: /home/shivam/pr2_ws/src/pr2/install/pr2/share/pr2//urdf/pr2.csv
-- Up-to-date: /home/shivam/pr2_ws/src/pr2/install/pr2/share/pr2//urdf/pr2.urdf.xacro
-- Up-to-date: /home/shivam/pr2_ws/src/pr2/install/pr2/share/pr2//meshes
-- Up-to-date: /home/shivam/pr2_ws/src/pr2/install/pr2/share/pr2//meshes/link4.STL
-- Up-to-date: /home/shivam/pr2_ws/src/pr2/install/pr2/share/pr2//meshes/leftcamera.STL
-- Up-to-date: /home/shivam/pr2_ws/src/pr2/install/pr2/share/pr2//meshes/frontleftwheel.STL
-- Up-to-date: /home/shivam/pr2_ws/src/pr2/install/pr2/share/pr2//meshes/robotarmbase.STL
-- Up-to-date: /home/shivam/pr2_ws/src/pr2/install/pr2/share/pr2//meshes/link3.STL
-- Up-to-date: /home/shivam/pr2_ws/src/pr2/install/pr2/share/pr2//meshes/lidar.STL
-- Up-to-date: /home/shivam/pr2_ws/src/pr2/install/pr2/share/pr2//meshes/base_link.STL
-- Up-to-date: /home/shivam/pr2_ws/src/pr2/install/pr2/share/pr2//meshes/parcel.STL
-- Up-to-date: /home/shivam/pr2_ws/src/pr2/install/pr2/share/pr2//meshes/rearrightaxle.STL
-- Up-to-date: /home/shivam/pr2_ws/src/pr2/install/pr2/share/pr2//meshes/frontcamera.STL
-- Up-to-date: /home/shivam/pr2_ws/src/pr2/install/pr2/share/pr2//meshes/rightcamera.STL
-- Up-to-date: /home/shivam/pr2_ws/src/pr2/install/pr2/share/pr2//meshes/frontrightwheel.STL
-- Up-to-date: /home/shivam/pr2_ws/src/pr2/install/pr2/share/pr2//meshes/endeffector.STL
-- Up-to-date: /home/shivam/pr2_ws/src/pr2/install/pr2/share/pr2//meshes/link5.STL
-- Up-to-date: /home/shivam/pr2_ws/src/pr2/install/pr2/share/pr2//meshes/rearrightwheel.STL
-- Up-to-date: /home/shivam/pr2_ws/src/pr2/install/pr2/share/pr2//meshes/frontleftaxle.STL
-- Up-to-date: /home/shivam/pr2_ws/src/pr2/install/pr2/share/pr2//meshes/link2.STL
-- Up-to-date: /home/shivam/pr2_ws/src/pr2/install/pr2/share/pr2//meshes/rearleftwheel.STL
-- Up-to-date: /home/shivam/pr2_ws/src/pr2/install/pr2/share/pr2//meshes/rearleftaxle.STL
-- Up-to-date: /home/shivam/pr2_ws/src/pr2/install/pr2/share/pr2//meshes/link6.STL
-- Up-to-date: /home/shivam/pr2_ws/src/pr2/install/pr2/share/pr2//meshes/frontrightaxle.STL
-- Up-to-date: /home/shivam/pr2_ws/src/pr2/install/pr2/share/pr2//launch
-- Up-to-date: /home/shivam/pr2_ws/src/pr2/install/pr2/share/pr2//launch/spawn_robot_ros2.launch.py
-- Up-to-date: /home/shivam/pr2_ws/src/pr2/install/pr2/share/pr2//launch/debug.launch.py
-- Up-to-date: /home/shivam/pr2_ws/src/pr2/install/pr2/share/pr2//launch/gazebo.launch.py
-- Up-to-date: /home/shivam/pr2_ws/src/pr2/install/pr2/share/pr2//launch/display.launch.py
-- Up-to-date: /home/shivam/pr2_ws/src/pr2/install/pr2/share/pr2//launch/robot_description_publisher.py
-- Up-to-date: /home/shivam/pr2_ws/src/pr2/install/pr2/share/pr2//worlds
-- Up-to-date: /home/shivam/pr2_ws/src/pr2/install/pr2/share/pr2//worlds/empty_world.world
-- Up-to-date: /home/shivam/pr2_ws/src/pr2/install/pr2/share/pr2//config
-- Installing: /home/shivam/pr2_ws/src/pr2/install/pr2/share/pr2//config/control.yaml
-- Up-to-date: /home/shivam/pr2_ws/src/pr2/install/pr2/include/pr2
-- Up-to-date: /home/shivam/pr2_ws/src/pr2/install/pr2/lib/pr2/robot_description_publisher.py
-- Up-to-date: /home/shivam/pr2_ws/src/pr2/install/pr2/share/ament_index/resource_index/package_run_dependencies/pr2
-- Up-to-date: /home/shivam/pr2_ws/src/pr2/install/pr2/share/ament_index/resource_index/parent_prefix_path/pr2
-- Up-to-date: /home/shivam/pr2_ws/src/pr2/install/pr2/share/pr2/environment/ament_prefix_path.sh
-- Up-to-date: /home/shivam/pr2_ws/src/pr2/install/pr2/share/pr2/environment/ament_prefix_path.dsv
-- Up-to-date: /home/shivam/pr2_ws/src/pr2/install/pr2/share/pr2/environment/path.sh
-- Up-to-date: /home/shivam/pr2_ws/src/pr2/install/pr2/share/pr2/environment/path.dsv
-- Up-to-date: /home/shivam/pr2_ws/src/pr2/install/pr2/share/pr2/local_setup.bash
-- Up-to-date: /home/shivam/pr2_ws/src/pr2/install/pr2/share/pr2/local_setup.sh
-- Up-to-date: /home/shivam/pr2_ws/src/pr2/install/pr2/share/pr2/local_setup.zsh
-- Up-to-date: /home/shivam/pr2_ws/src/pr2/install/pr2/share/pr2/local_setup.dsv
-- Installing: /home/shivam/pr2_ws/src/pr2/install/pr2/share/pr2/package.dsv
-- Up-to-date: /home/shivam/pr2_ws/src/pr2/install/pr2/share/ament_index/resource_index/packages/pr2
-- Up-to-date: /home/shivam/pr2_ws/src/pr2/install/pr2/share/pr2/cmake/pr2Config.cmake
-- Up-to-date: /home/shivam/pr2_ws/src/pr2/install/pr2/share/pr2/cmake/pr2Config-version.cmake
-- Up-to-date: /home/shivam/pr2_ws/src/pr2/install/pr2/share/pr2/package.xml
