[2.297s] DEBUG:colcon:Command line arguments: ['/usr/bin/colcon', 'build']
[2.298s] DEBUG:colcon:Parsed command line arguments: Namespace(allow_overriding=[], ament_cmake_args=None, base_paths=['.'], build_base='build', catkin_cmake_args=None, catkin_skip_building_tests=False, cmake_args=None, cmake_clean_cache=False, cmake_clean_first=False, cmake_force_configure=False, cmake_target=None, cmake_target_skip_unavailable=False, continue_on_error=False, event_handlers=None, executor='parallel', ignore_user_meta=False, install_base='install', log_base=None, log_level=None, main=<bound method BuildVerb.main of <colcon_core.verb.build.BuildVerb object at 0x7f1d85f43f40>>, merge_install=False, metas=['./colcon.meta'], packages_above=None, packages_above_and_dependencies=None, packages_above_depth=None, packages_end=None, packages_ignore=None, packages_ignore_regex=None, packages_select=None, packages_select_build_failed=False, packages_select_by_dep=None, packages_select_regex=None, packages_select_test_failures=False, packages_skip=None, packages_skip_build_finished=False, packages_skip_by_dep=None, packages_skip_regex=None, packages_skip_test_passed=False, packages_skip_up_to=None, packages_start=None, packages_up_to=None, packages_up_to_regex=None, parallel_workers=2, paths=None, symlink_install=False, test_result_base=None, verb_extension=<colcon_core.verb.build.BuildVerb object at 0x7f1d85f43f40>, verb_name='build', verb_parser=<colcon_defaults.argument_parser.defaults.DefaultArgumentsDecorator object at 0x7f1d85f56610>)
[2.417s] Level 1:colcon.colcon_core.package_discovery:discover_packages(colcon_meta) check parameters
[2.418s] Level 1:colcon.colcon_core.package_discovery:discover_packages(recursive) check parameters
[2.418s] Level 1:colcon.colcon_core.package_discovery:discover_packages(ignore) check parameters
[2.418s] Level 1:colcon.colcon_core.package_discovery:discover_packages(path) check parameters
[2.418s] Level 1:colcon.colcon_core.package_discovery:discover_packages(colcon_meta) discover
[2.418s] Level 1:colcon.colcon_core.package_discovery:discover_packages(recursive) discover
[2.418s] INFO:colcon.colcon_core.package_discovery:Crawling recursively for packages in '/home/shivam/pr2_ws/src/pr2'
[2.418s] Level 1:colcon.colcon_core.package_identification:_identify(.) by extensions ['ignore', 'ignore_ament_install']
[2.418s] Level 1:colcon.colcon_core.package_identification:_identify(.) by extension 'ignore'
[2.418s] Level 1:colcon.colcon_core.package_identification:_identify(.) by extension 'ignore_ament_install'
[2.418s] Level 1:colcon.colcon_core.package_identification:_identify(.) by extensions ['colcon_pkg']
[2.418s] Level 1:colcon.colcon_core.package_identification:_identify(.) by extension 'colcon_pkg'
[2.418s] Level 1:colcon.colcon_core.package_identification:_identify(.) by extensions ['colcon_meta']
[2.418s] Level 1:colcon.colcon_core.package_identification:_identify(.) by extension 'colcon_meta'
[2.418s] Level 1:colcon.colcon_core.package_identification:_identify(.) by extensions ['ros']
[2.418s] Level 1:colcon.colcon_core.package_identification:_identify(.) by extension 'ros'
[2.432s] DEBUG:colcon.colcon_core.package_identification:Package '.' with type 'ros.ament_cmake' and name 'pr2'
[2.433s] Level 1:colcon.colcon_core.package_discovery:discover_packages(recursive) using defaults
[2.433s] Level 1:colcon.colcon_core.package_discovery:discover_packages(ignore) discover
[2.433s] Level 1:colcon.colcon_core.package_discovery:discover_packages(ignore) using defaults
[2.433s] Level 1:colcon.colcon_core.package_discovery:discover_packages(path) discover
[2.433s] Level 1:colcon.colcon_core.package_discovery:discover_packages(path) using defaults
[2.635s] Level 1:colcon.colcon_core.package_discovery:discover_packages(prefix_path) check parameters
[2.635s] Level 1:colcon.colcon_core.package_discovery:discover_packages(prefix_path) discover
[2.713s] DEBUG:colcon.colcon_installed_package_information.package_discovery:Found 1 installed packages in /home/shivam/pr2_ws/src/pr2/install
[2.754s] DEBUG:colcon.colcon_installed_package_information.package_discovery:Found 1 installed packages in /home/shivam/pr2_ws/install
[2.795s] DEBUG:colcon.colcon_installed_package_information.package_discovery:Found 353 installed packages in /opt/ros/galactic
[2.797s] Level 1:colcon.colcon_core.package_discovery:discover_packages(prefix_path) using defaults
[3.088s] Level 5:colcon.colcon_core.verb:set package 'pr2' build argument 'cmake_args' from command line to 'None'
[3.088s] Level 5:colcon.colcon_core.verb:set package 'pr2' build argument 'cmake_target' from command line to 'None'
[3.089s] Level 5:colcon.colcon_core.verb:set package 'pr2' build argument 'cmake_target_skip_unavailable' from command line to 'False'
[3.089s] Level 5:colcon.colcon_core.verb:set package 'pr2' build argument 'cmake_clean_cache' from command line to 'False'
[3.089s] Level 5:colcon.colcon_core.verb:set package 'pr2' build argument 'cmake_clean_first' from command line to 'False'
[3.089s] Level 5:colcon.colcon_core.verb:set package 'pr2' build argument 'cmake_force_configure' from command line to 'False'
[3.089s] Level 5:colcon.colcon_core.verb:set package 'pr2' build argument 'ament_cmake_args' from command line to 'None'
[3.089s] Level 5:colcon.colcon_core.verb:set package 'pr2' build argument 'catkin_cmake_args' from command line to 'None'
[3.089s] Level 5:colcon.colcon_core.verb:set package 'pr2' build argument 'catkin_skip_building_tests' from command line to 'False'
[3.089s] DEBUG:colcon.colcon_core.verb:Building package 'pr2' with the following arguments: {'ament_cmake_args': None, 'build_base': '/home/shivam/pr2_ws/src/pr2/build/pr2', 'catkin_cmake_args': None, 'catkin_skip_building_tests': False, 'cmake_args': None, 'cmake_clean_cache': False, 'cmake_clean_first': False, 'cmake_force_configure': False, 'cmake_target': None, 'cmake_target_skip_unavailable': False, 'install_base': '/home/shivam/pr2_ws/src/pr2/install/pr2', 'merge_install': False, 'path': '/home/shivam/pr2_ws/src/pr2', 'symlink_install': False, 'test_result_base': None}
[3.128s] INFO:colcon.colcon_core.executor:Executing jobs using 'parallel' executor
[3.169s] DEBUG:colcon.colcon_parallel_executor.executor.parallel:run_until_complete
[3.170s] INFO:colcon.colcon_ros.task.ament_cmake.build:Building ROS package in '/home/shivam/pr2_ws/src/pr2' with build type 'ament_cmake'
[3.170s] INFO:colcon.colcon_cmake.task.cmake.build:Building CMake package in '/home/shivam/pr2_ws/src/pr2'
[3.220s] INFO:colcon.colcon_core.plugin_system:Skipping extension 'colcon_core.shell.bat': Not used on non-Windows systems
[3.220s] INFO:colcon.colcon_core.shell:Skip shell extension 'powershell' for command environment: Not usable outside of PowerShell
[3.220s] DEBUG:colcon.colcon_core.shell:Skip shell extension 'dsv' for command environment
[3.418s] DEBUG:colcon.colcon_core.event_handler.log_command:Invoking command in '/home/shivam/pr2_ws/src/pr2/build/pr2': CMAKE_PREFIX_PATH=${CMAKE_PREFIX_PATH}:/opt/ros/galactic /usr/bin/cmake --build /home/shivam/pr2_ws/src/pr2/build/pr2 -- -j2 -l2
[3.492s] DEBUG:colcon.colcon_core.event_handler.log_command:Invoked command in '/home/shivam/pr2_ws/src/pr2/build/pr2' returned '0': CMAKE_PREFIX_PATH=${CMAKE_PREFIX_PATH}:/opt/ros/galactic /usr/bin/cmake --build /home/shivam/pr2_ws/src/pr2/build/pr2 -- -j2 -l2
[3.640s] DEBUG:colcon.colcon_core.event_handler.log_command:Invoking command in '/home/shivam/pr2_ws/src/pr2/build/pr2': CMAKE_PREFIX_PATH=${CMAKE_PREFIX_PATH}:/opt/ros/galactic /usr/bin/cmake --install /home/shivam/pr2_ws/src/pr2/build/pr2
[3.676s] Level 1:colcon.colcon_core.environment:create_environment_scripts_only(pr2)
[3.687s] DEBUG:colcon.colcon_core.event_handler.log_command:Invoked command in '/home/shivam/pr2_ws/src/pr2/build/pr2' returned '0': CMAKE_PREFIX_PATH=${CMAKE_PREFIX_PATH}:/opt/ros/galactic /usr/bin/cmake --install /home/shivam/pr2_ws/src/pr2/build/pr2
[3.727s] Level 1:colcon.colcon_core.environment:checking '/home/shivam/pr2_ws/src/pr2/install/pr2' for CMake module files
[3.727s] Level 1:colcon.colcon_core.environment:checking '/home/shivam/pr2_ws/src/pr2/install/pr2' for CMake config files
[3.728s] Level 1:colcon.colcon_core.shell:create_environment_hook('pr2', 'cmake_prefix_path')
[3.770s] INFO:colcon.colcon_core.shell:Creating environment hook '/home/shivam/pr2_ws/src/pr2/install/pr2/share/pr2/hook/cmake_prefix_path.ps1'
[3.771s] INFO:colcon.colcon_core.shell:Creating environment descriptor '/home/shivam/pr2_ws/src/pr2/install/pr2/share/pr2/hook/cmake_prefix_path.dsv'
[3.773s] INFO:colcon.colcon_core.shell:Creating environment hook '/home/shivam/pr2_ws/src/pr2/install/pr2/share/pr2/hook/cmake_prefix_path.sh'
[3.775s] Level 1:colcon.colcon_core.environment:checking '/home/shivam/pr2_ws/src/pr2/install/pr2/lib'
[3.775s] Level 1:colcon.colcon_core.environment:checking '/home/shivam/pr2_ws/src/pr2/install/pr2/bin'
[3.775s] Level 1:colcon.colcon_core.environment:checking '/home/shivam/pr2_ws/src/pr2/install/pr2/lib/pkgconfig/pr2.pc'
[3.776s] Level 1:colcon.colcon_core.environment:checking '/home/shivam/pr2_ws/src/pr2/install/pr2/lib/python3.8/site-packages'
[3.777s] Level 1:colcon.colcon_core.environment:checking '/home/shivam/pr2_ws/src/pr2/install/pr2/bin'
[3.815s] INFO:colcon.colcon_core.shell:Creating package script '/home/shivam/pr2_ws/src/pr2/install/pr2/share/pr2/package.ps1'
[3.817s] INFO:colcon.colcon_core.shell:Creating package descriptor '/home/shivam/pr2_ws/src/pr2/install/pr2/share/pr2/package.dsv'
[3.818s] INFO:colcon.colcon_core.shell:Creating package script '/home/shivam/pr2_ws/src/pr2/install/pr2/share/pr2/package.sh'
[3.820s] INFO:colcon.colcon_core.shell:Creating package script '/home/shivam/pr2_ws/src/pr2/install/pr2/share/pr2/package.bash'
[3.821s] INFO:colcon.colcon_core.shell:Creating package script '/home/shivam/pr2_ws/src/pr2/install/pr2/share/pr2/package.zsh'
[3.823s] Level 1:colcon.colcon_core.environment:create_file_with_runtime_dependencies(/home/shivam/pr2_ws/src/pr2/install/pr2/share/colcon-core/packages/pr2)
[3.945s] Level 1:colcon.colcon_core.environment:create_environment_scripts_only(pr2)
[3.994s] Level 1:colcon.colcon_core.environment:checking '/home/shivam/pr2_ws/src/pr2/install/pr2' for CMake module files
[3.995s] Level 1:colcon.colcon_core.environment:checking '/home/shivam/pr2_ws/src/pr2/install/pr2' for CMake config files
[3.995s] Level 1:colcon.colcon_core.shell:create_environment_hook('pr2', 'cmake_prefix_path')
[4.035s] INFO:colcon.colcon_core.shell:Creating environment hook '/home/shivam/pr2_ws/src/pr2/install/pr2/share/pr2/hook/cmake_prefix_path.ps1'
[4.036s] INFO:colcon.colcon_core.shell:Creating environment descriptor '/home/shivam/pr2_ws/src/pr2/install/pr2/share/pr2/hook/cmake_prefix_path.dsv'
[4.037s] INFO:colcon.colcon_core.shell:Creating environment hook '/home/shivam/pr2_ws/src/pr2/install/pr2/share/pr2/hook/cmake_prefix_path.sh'
[4.039s] Level 1:colcon.colcon_core.environment:checking '/home/shivam/pr2_ws/src/pr2/install/pr2/lib'
[4.039s] Level 1:colcon.colcon_core.environment:checking '/home/shivam/pr2_ws/src/pr2/install/pr2/bin'
[4.039s] Level 1:colcon.colcon_core.environment:checking '/home/shivam/pr2_ws/src/pr2/install/pr2/lib/pkgconfig/pr2.pc'
[4.039s] Level 1:colcon.colcon_core.environment:checking '/home/shivam/pr2_ws/src/pr2/install/pr2/lib/python3.8/site-packages'
[4.040s] Level 1:colcon.colcon_core.environment:checking '/home/shivam/pr2_ws/src/pr2/install/pr2/bin'
[4.086s] INFO:colcon.colcon_core.shell:Creating package script '/home/shivam/pr2_ws/src/pr2/install/pr2/share/pr2/package.ps1'
[4.087s] INFO:colcon.colcon_core.shell:Creating package descriptor '/home/shivam/pr2_ws/src/pr2/install/pr2/share/pr2/package.dsv'
[4.089s] INFO:colcon.colcon_core.shell:Creating package script '/home/shivam/pr2_ws/src/pr2/install/pr2/share/pr2/package.sh'
[4.090s] INFO:colcon.colcon_core.shell:Creating package script '/home/shivam/pr2_ws/src/pr2/install/pr2/share/pr2/package.bash'
[4.091s] INFO:colcon.colcon_core.shell:Creating package script '/home/shivam/pr2_ws/src/pr2/install/pr2/share/pr2/package.zsh'
[4.092s] Level 1:colcon.colcon_core.environment:create_file_with_runtime_dependencies(/home/shivam/pr2_ws/src/pr2/install/pr2/share/colcon-core/packages/pr2)
[4.093s] DEBUG:colcon.colcon_parallel_executor.executor.parallel:closing loop
[4.094s] DEBUG:colcon.colcon_parallel_executor.executor.parallel:loop closed
[4.095s] DEBUG:colcon.colcon_parallel_executor.executor.parallel:run_until_complete finished with '0'
[4.095s] DEBUG:colcon.colcon_core.event_reactor:joining thread
[4.155s] INFO:colcon.colcon_core.plugin_system:Skipping extension 'colcon_notification.desktop_notification.terminal_notifier': Not used on non-Darwin systems
[4.155s] INFO:colcon.colcon_core.plugin_system:Skipping extension 'colcon_notification.desktop_notification.win32': Not used on non-Windows systems
[4.155s] INFO:colcon.colcon_notification.desktop_notification:Sending desktop notification using 'notify2'
[4.179s] DEBUG:colcon.colcon_core.event_reactor:joined thread
[4.246s] INFO:colcon.colcon_core.shell:Creating prefix script '/home/shivam/pr2_ws/src/pr2/install/local_setup.ps1'
[4.247s] INFO:colcon.colcon_core.shell:Creating prefix util module '/home/shivam/pr2_ws/src/pr2/install/_local_setup_util_ps1.py'
[4.250s] INFO:colcon.colcon_core.shell:Creating prefix chain script '/home/shivam/pr2_ws/src/pr2/install/setup.ps1'
[4.402s] INFO:colcon.colcon_core.shell:Creating prefix script '/home/shivam/pr2_ws/src/pr2/install/local_setup.sh'
[4.403s] INFO:colcon.colcon_core.shell:Creating prefix util module '/home/shivam/pr2_ws/src/pr2/install/_local_setup_util_sh.py'
[4.405s] INFO:colcon.colcon_core.shell:Creating prefix chain script '/home/shivam/pr2_ws/src/pr2/install/setup.sh'
[4.455s] INFO:colcon.colcon_core.shell:Creating prefix script '/home/shivam/pr2_ws/src/pr2/install/local_setup.bash'
[4.456s] INFO:colcon.colcon_core.shell:Creating prefix chain script '/home/shivam/pr2_ws/src/pr2/install/setup.bash'
[4.496s] INFO:colcon.colcon_core.shell:Creating prefix script '/home/shivam/pr2_ws/src/pr2/install/local_setup.zsh'
[4.497s] INFO:colcon.colcon_core.shell:Creating prefix chain script '/home/shivam/pr2_ws/src/pr2/install/setup.zsh'
