-- The C compiler identification is GNU 9.4.0
-- The CXX compiler identification is GNU 9.4.0
-- Check for working C compiler: /usr/bin/cc
-- Check for working C compiler: /usr/bin/cc -- works
-- Detecting C compiler ABI info
-- Detecting C compiler ABI info - done
-- Detecting C compile features
-- Detecting C compile features - done
-- Check for working CXX compiler: /usr/bin/c++
-- Check for working CXX compiler: /usr/bin/c++ -- works
-- Detecting CXX compiler ABI info
-- Detecting CXX compiler ABI info - done
-- Detecting CXX compile features
-- Detecting CXX compile features - done
-- Found robot_state_publisher: 2.5.3 (/opt/ros/galactic/share/robot_state_publisher/cmake)
-- Found PythonInterp: /usr/bin/python3 (found suitable version "3.8.10", minimum required is "3") 
-- Using PYTHON_EXECUTABLE: /usr/bin/python3
-- Using all available rosidl_typesupport_c: rosidl_typesupport_fastrtps_c;rosidl_typesupport_introspection_c
-- Found rosidl_adapter: 2.2.3 (/opt/ros/galactic/share/rosidl_adapter/cmake)
-- Found OpenSSL: /usr/lib/x86_64-linux-gnu/libcrypto.so (found version "1.1.1f")  
-- Found FastRTPS: /opt/ros/galactic/include  
-- Using all available rosidl_typesupport_cpp: rosidl_typesupport_fastrtps_cpp;rosidl_typesupport_introspection_cpp
-- Found eigen3_cmake_module: 0.1.1 (/opt/ros/galactic/share/eigen3_cmake_module/cmake)
-- Found Eigen3: TRUE (found version "3.3.7") 
-- Found rmw_implementation_cmake: 3.3.1 (/opt/ros/galactic/share/rmw_implementation_cmake/cmake)
-- Found rmw_cyclonedds_cpp: 0.22.6 (/opt/ros/galactic/share/rmw_cyclonedds_cpp/cmake)
-- Using RMW implementation 'rmw_cyclonedds_cpp' as default
-- Looking for pthread.h
-- Looking for pthread.h - found
-- Performing Test CMAKE_HAVE_LIBC_PTHREAD
-- Performing Test CMAKE_HAVE_LIBC_PTHREAD - Failed
-- Looking for pthread_create in pthreads
-- Looking for pthread_create in pthreads - not found
-- Looking for pthread_create in pthread
-- Looking for pthread_create in pthread - found
-- Found Threads: TRUE  
-- Found xacro: 2.0.7 (/opt/ros/galactic/share/xacro/cmake)
-- Found ros2_control: 1.6.0 (/opt/ros/galactic/share/ros2_control/cmake)
-- Found ament_lint_auto: 0.10.7 (/opt/ros/galactic/share/ament_lint_auto/cmake)
-- Added test 'copyright' to check source files copyright and LICENSE
-- Added test 'cppcheck' to perform static code analysis on C / C++ code
-- Configured cppcheck include dirs: 
-- Configured cppcheck exclude dirs and/or files: 
-- Added test 'cpplint' to check C / C++ code against the Google style
-- Configured cpplint exclude dirs and/or files: 
-- Added test 'flake8' to check Python code syntax and style conventions
-- Added test 'lint_cmake' to check CMake code style
-- Added test 'pep257' to check Python code against some of the style conventions in PEP 257
-- Added test 'uncrustify' to check C / C++ code style
-- Configured uncrustify additional arguments: 
-- Added test 'xmllint' to check XML markup files
-- Configuring done
-- Generating done
-- Build files have been written to: /home/shivam/pr2_ws/src/pr2/build/pr2
-- Install configuration: ""
-- Installing: /home/shivam/pr2_ws/src/pr2/install/pr2/share/pr2//urdf
-- Installing: /home/shivam/pr2_ws/src/pr2/install/pr2/share/pr2//urdf/pr2.csv
-- Installing: /home/shivam/pr2_ws/src/pr2/install/pr2/share/pr2//urdf/pr2.urdf.xacro
-- Installing: /home/shivam/pr2_ws/src/pr2/install/pr2/share/pr2//meshes
-- Installing: /home/shivam/pr2_ws/src/pr2/install/pr2/share/pr2//meshes/link4.STL
-- Installing: /home/shivam/pr2_ws/src/pr2/install/pr2/share/pr2//meshes/leftcamera.STL
-- Installing: /home/shivam/pr2_ws/src/pr2/install/pr2/share/pr2//meshes/frontleftwheel.STL
-- Installing: /home/shivam/pr2_ws/src/pr2/install/pr2/share/pr2//meshes/robotarmbase.STL
-- Installing: /home/shivam/pr2_ws/src/pr2/install/pr2/share/pr2//meshes/link3.STL
-- Installing: /home/shivam/pr2_ws/src/pr2/install/pr2/share/pr2//meshes/lidar.STL
-- Installing: /home/shivam/pr2_ws/src/pr2/install/pr2/share/pr2//meshes/base_link.STL
-- Installing: /home/shivam/pr2_ws/src/pr2/install/pr2/share/pr2//meshes/parcel.STL
-- Installing: /home/shivam/pr2_ws/src/pr2/install/pr2/share/pr2//meshes/rearrightaxle.STL
-- Installing: /home/shivam/pr2_ws/src/pr2/install/pr2/share/pr2//meshes/frontcamera.STL
-- Installing: /home/shivam/pr2_ws/src/pr2/install/pr2/share/pr2//meshes/rightcamera.STL
-- Installing: /home/shivam/pr2_ws/src/pr2/install/pr2/share/pr2//meshes/frontrightwheel.STL
-- Installing: /home/shivam/pr2_ws/src/pr2/install/pr2/share/pr2//meshes/endeffector.STL
-- Installing: /home/shivam/pr2_ws/src/pr2/install/pr2/share/pr2//meshes/link5.STL
-- Installing: /home/shivam/pr2_ws/src/pr2/install/pr2/share/pr2//meshes/rearrightwheel.STL
-- Installing: /home/shivam/pr2_ws/src/pr2/install/pr2/share/pr2//meshes/frontleftaxle.STL
-- Installing: /home/shivam/pr2_ws/src/pr2/install/pr2/share/pr2//meshes/link2.STL
-- Installing: /home/shivam/pr2_ws/src/pr2/install/pr2/share/pr2//meshes/rearleftwheel.STL
-- Installing: /home/shivam/pr2_ws/src/pr2/install/pr2/share/pr2//meshes/rearleftaxle.STL
-- Installing: /home/shivam/pr2_ws/src/pr2/install/pr2/share/pr2//meshes/link6.STL
-- Installing: /home/shivam/pr2_ws/src/pr2/install/pr2/share/pr2//meshes/frontrightaxle.STL
-- Installing: /home/shivam/pr2_ws/src/pr2/install/pr2/share/pr2//launch
-- Installing: /home/shivam/pr2_ws/src/pr2/install/pr2/share/pr2//launch/spawn_robot_ros2.launch.py
-- Installing: /home/shivam/pr2_ws/src/pr2/install/pr2/share/pr2//launch/gazebo.launch.py
-- Installing: /home/shivam/pr2_ws/src/pr2/install/pr2/share/pr2//launch/robot_description_publisher.py
-- Installing: /home/shivam/pr2_ws/src/pr2/install/pr2/share/pr2//worlds
-- Installing: /home/shivam/pr2_ws/src/pr2/install/pr2/share/pr2//worlds/empty_world.world
-- Installing: /home/shivam/pr2_ws/src/pr2/install/pr2/share/pr2//config
-- Installing: /home/shivam/pr2_ws/src/pr2/install/pr2/share/pr2//config/control.yaml
-- Installing: /home/shivam/pr2_ws/src/pr2/install/pr2/include/pr2
-- Installing: /home/shivam/pr2_ws/src/pr2/install/pr2/lib/pr2/robot_description_publisher.py
-- Installing: /home/shivam/pr2_ws/src/pr2/install/pr2/share/ament_index/resource_index/package_run_dependencies/pr2
-- Installing: /home/shivam/pr2_ws/src/pr2/install/pr2/share/ament_index/resource_index/parent_prefix_path/pr2
-- Installing: /home/shivam/pr2_ws/src/pr2/install/pr2/share/pr2/environment/ament_prefix_path.sh
-- Installing: /home/shivam/pr2_ws/src/pr2/install/pr2/share/pr2/environment/ament_prefix_path.dsv
-- Installing: /home/shivam/pr2_ws/src/pr2/install/pr2/share/pr2/environment/path.sh
-- Installing: /home/shivam/pr2_ws/src/pr2/install/pr2/share/pr2/environment/path.dsv
-- Installing: /home/shivam/pr2_ws/src/pr2/install/pr2/share/pr2/local_setup.bash
-- Installing: /home/shivam/pr2_ws/src/pr2/install/pr2/share/pr2/local_setup.sh
-- Installing: /home/shivam/pr2_ws/src/pr2/install/pr2/share/pr2/local_setup.zsh
-- Installing: /home/shivam/pr2_ws/src/pr2/install/pr2/share/pr2/local_setup.dsv
-- Installing: /home/shivam/pr2_ws/src/pr2/install/pr2/share/pr2/package.dsv
-- Installing: /home/shivam/pr2_ws/src/pr2/install/pr2/share/ament_index/resource_index/packages/pr2
-- Installing: /home/shivam/pr2_ws/src/pr2/install/pr2/share/pr2/cmake/pr2Config.cmake
-- Installing: /home/shivam/pr2_ws/src/pr2/install/pr2/share/pr2/cmake/pr2Config-version.cmake
-- Installing: /home/shivam/pr2_ws/src/pr2/install/pr2/share/pr2/package.xml
