[2.357s] DEBUG:colcon:Command line arguments: ['/usr/bin/colcon', 'build']
[2.357s] DEBUG:colcon:Parsed command line arguments: Namespace(allow_overriding=[], ament_cmake_args=None, base_paths=['.'], build_base='build', catkin_cmake_args=None, catkin_skip_building_tests=False, cmake_args=None, cmake_clean_cache=False, cmake_clean_first=False, cmake_force_configure=False, cmake_target=None, cmake_target_skip_unavailable=False, continue_on_error=False, event_handlers=None, executor='parallel', ignore_user_meta=False, install_base='install', log_base=None, log_level=None, main=<bound method BuildVerb.main of <colcon_core.verb.build.BuildVerb object at 0x7f127630ad90>>, merge_install=False, metas=['./colcon.meta'], packages_above=None, packages_above_and_dependencies=None, packages_above_depth=None, packages_end=None, packages_ignore=None, packages_ignore_regex=None, packages_select=None, packages_select_build_failed=False, packages_select_by_dep=None, packages_select_regex=None, packages_select_test_failures=False, packages_skip=None, packages_skip_build_finished=False, packages_skip_by_dep=None, packages_skip_regex=None, packages_skip_test_passed=False, packages_skip_up_to=None, packages_start=None, packages_up_to=None, packages_up_to_regex=None, parallel_workers=2, paths=None, symlink_install=False, test_result_base=None, verb_extension=<colcon_core.verb.build.BuildVerb object at 0x7f127630ad90>, verb_name='build', verb_parser=<colcon_defaults.argument_parser.defaults.DefaultArgumentsDecorator object at 0x7f12762b1790>)
[2.554s] Level 1:colcon.colcon_core.package_discovery:discover_packages(colcon_meta) check parameters
[2.554s] Level 1:colcon.colcon_core.package_discovery:discover_packages(recursive) check parameters
[2.554s] Level 1:colcon.colcon_core.package_discovery:discover_packages(ignore) check parameters
[2.554s] Level 1:colcon.colcon_core.package_discovery:discover_packages(path) check parameters
[2.554s] Level 1:colcon.colcon_core.package_discovery:discover_packages(colcon_meta) discover
[2.554s] Level 1:colcon.colcon_core.package_discovery:discover_packages(recursive) discover
[2.554s] INFO:colcon.colcon_core.package_discovery:Crawling recursively for packages in '/home/shivam/pr2_ws/src/pr2'
[2.554s] Level 1:colcon.colcon_core.package_identification:_identify(.) by extensions ['ignore', 'ignore_ament_install']
[2.554s] Level 1:colcon.colcon_core.package_identification:_identify(.) by extension 'ignore'
[2.555s] Level 1:colcon.colcon_core.package_identification:_identify(.) by extension 'ignore_ament_install'
[2.555s] Level 1:colcon.colcon_core.package_identification:_identify(.) by extensions ['colcon_pkg']
[2.555s] Level 1:colcon.colcon_core.package_identification:_identify(.) by extension 'colcon_pkg'
[2.555s] Level 1:colcon.colcon_core.package_identification:_identify(.) by extensions ['colcon_meta']
[2.555s] Level 1:colcon.colcon_core.package_identification:_identify(.) by extension 'colcon_meta'
[2.555s] Level 1:colcon.colcon_core.package_identification:_identify(.) by extensions ['ros']
[2.555s] Level 1:colcon.colcon_core.package_identification:_identify(.) by extension 'ros'
[2.567s] DEBUG:colcon.colcon_core.package_identification:Package '.' with type 'ros.ament_cmake' and name 'pr2'
[2.568s] Level 1:colcon.colcon_core.package_discovery:discover_packages(recursive) using defaults
[2.568s] Level 1:colcon.colcon_core.package_discovery:discover_packages(ignore) discover
[2.568s] Level 1:colcon.colcon_core.package_discovery:discover_packages(ignore) using defaults
[2.568s] Level 1:colcon.colcon_core.package_discovery:discover_packages(path) discover
[2.568s] Level 1:colcon.colcon_core.package_discovery:discover_packages(path) using defaults
[2.762s] Level 1:colcon.colcon_core.package_discovery:discover_packages(prefix_path) check parameters
[2.762s] Level 1:colcon.colcon_core.package_discovery:discover_packages(prefix_path) discover
[2.946s] DEBUG:colcon.colcon_installed_package_information.package_discovery:Found 1 installed packages in /home/shivam/pr2_ws/install
[2.992s] DEBUG:colcon.colcon_installed_package_information.package_discovery:Found 353 installed packages in /opt/ros/galactic
[2.993s] Level 1:colcon.colcon_core.package_discovery:discover_packages(prefix_path) using defaults
[3.811s] Level 5:colcon.colcon_core.verb:set package 'pr2' build argument 'cmake_args' from command line to 'None'
[3.812s] Level 5:colcon.colcon_core.verb:set package 'pr2' build argument 'cmake_target' from command line to 'None'
[3.812s] Level 5:colcon.colcon_core.verb:set package 'pr2' build argument 'cmake_target_skip_unavailable' from command line to 'False'
[3.812s] Level 5:colcon.colcon_core.verb:set package 'pr2' build argument 'cmake_clean_cache' from command line to 'False'
[3.812s] Level 5:colcon.colcon_core.verb:set package 'pr2' build argument 'cmake_clean_first' from command line to 'False'
[3.812s] Level 5:colcon.colcon_core.verb:set package 'pr2' build argument 'cmake_force_configure' from command line to 'False'
[3.812s] Level 5:colcon.colcon_core.verb:set package 'pr2' build argument 'ament_cmake_args' from command line to 'None'
[3.812s] Level 5:colcon.colcon_core.verb:set package 'pr2' build argument 'catkin_cmake_args' from command line to 'None'
[3.812s] Level 5:colcon.colcon_core.verb:set package 'pr2' build argument 'catkin_skip_building_tests' from command line to 'False'
[3.812s] DEBUG:colcon.colcon_core.verb:Building package 'pr2' with the following arguments: {'ament_cmake_args': None, 'build_base': '/home/shivam/pr2_ws/src/pr2/build/pr2', 'catkin_cmake_args': None, 'catkin_skip_building_tests': False, 'cmake_args': None, 'cmake_clean_cache': False, 'cmake_clean_first': False, 'cmake_force_configure': False, 'cmake_target': None, 'cmake_target_skip_unavailable': False, 'install_base': '/home/shivam/pr2_ws/src/pr2/install/pr2', 'merge_install': False, 'path': '/home/shivam/pr2_ws/src/pr2', 'symlink_install': False, 'test_result_base': None}
[3.845s] INFO:colcon.colcon_core.executor:Executing jobs using 'parallel' executor
[3.879s] DEBUG:colcon.colcon_parallel_executor.executor.parallel:run_until_complete
[3.880s] INFO:colcon.colcon_ros.task.ament_cmake.build:Building ROS package in '/home/shivam/pr2_ws/src/pr2' with build type 'ament_cmake'
[3.880s] INFO:colcon.colcon_cmake.task.cmake.build:Building CMake package in '/home/shivam/pr2_ws/src/pr2'
[3.929s] INFO:colcon.colcon_core.plugin_system:Skipping extension 'colcon_core.shell.bat': Not used on non-Windows systems
[3.929s] INFO:colcon.colcon_core.shell:Skip shell extension 'powershell' for command environment: Not usable outside of PowerShell
[3.930s] DEBUG:colcon.colcon_core.shell:Skip shell extension 'dsv' for command environment
[4.065s] DEBUG:colcon.colcon_core.event_handler.log_command:Invoking command in '/home/shivam/pr2_ws/src/pr2/build/pr2': CMAKE_PREFIX_PATH=${CMAKE_PREFIX_PATH}:/opt/ros/galactic /usr/bin/cmake /home/shivam/pr2_ws/src/pr2 -DCMAKE_INSTALL_PREFIX=/home/shivam/pr2_ws/src/pr2/install/pr2
[9.860s] DEBUG:colcon.colcon_core.event_handler.log_command:Invoked command in '/home/shivam/pr2_ws/src/pr2/build/pr2' returned '0': CMAKE_PREFIX_PATH=${CMAKE_PREFIX_PATH}:/opt/ros/galactic /usr/bin/cmake /home/shivam/pr2_ws/src/pr2 -DCMAKE_INSTALL_PREFIX=/home/shivam/pr2_ws/src/pr2/install/pr2
[9.861s] DEBUG:colcon.colcon_core.event_handler.log_command:Invoking command in '/home/shivam/pr2_ws/src/pr2/build/pr2': CMAKE_PREFIX_PATH=${CMAKE_PREFIX_PATH}:/opt/ros/galactic /usr/bin/cmake --build /home/shivam/pr2_ws/src/pr2/build/pr2 -- -j2 -l2
[9.915s] DEBUG:colcon.colcon_core.event_handler.log_command:Invoked command in '/home/shivam/pr2_ws/src/pr2/build/pr2' returned '0': CMAKE_PREFIX_PATH=${CMAKE_PREFIX_PATH}:/opt/ros/galactic /usr/bin/cmake --build /home/shivam/pr2_ws/src/pr2/build/pr2 -- -j2 -l2
[9.971s] DEBUG:colcon.colcon_core.event_handler.log_command:Invoking command in '/home/shivam/pr2_ws/src/pr2/build/pr2': CMAKE_PREFIX_PATH=${CMAKE_PREFIX_PATH}:/opt/ros/galactic /usr/bin/cmake --install /home/shivam/pr2_ws/src/pr2/build/pr2
[10.044s] Level 1:colcon.colcon_core.environment:create_environment_scripts_only(pr2)
[10.051s] DEBUG:colcon.colcon_core.event_handler.log_command:Invoked command in '/home/shivam/pr2_ws/src/pr2/build/pr2' returned '0': CMAKE_PREFIX_PATH=${CMAKE_PREFIX_PATH}:/opt/ros/galactic /usr/bin/cmake --install /home/shivam/pr2_ws/src/pr2/build/pr2
[10.149s] Level 1:colcon.colcon_core.environment:checking '/home/shivam/pr2_ws/src/pr2/install/pr2' for CMake module files
[10.150s] Level 1:colcon.colcon_core.environment:checking '/home/shivam/pr2_ws/src/pr2/install/pr2' for CMake config files
[10.150s] Level 1:colcon.colcon_core.shell:create_environment_hook('pr2', 'cmake_prefix_path')
[10.198s] INFO:colcon.colcon_core.shell:Creating environment hook '/home/shivam/pr2_ws/src/pr2/install/pr2/share/pr2/hook/cmake_prefix_path.ps1'
[10.208s] INFO:colcon.colcon_core.shell:Creating environment descriptor '/home/shivam/pr2_ws/src/pr2/install/pr2/share/pr2/hook/cmake_prefix_path.dsv'
[10.222s] INFO:colcon.colcon_core.shell:Creating environment hook '/home/shivam/pr2_ws/src/pr2/install/pr2/share/pr2/hook/cmake_prefix_path.sh'
[10.224s] Level 1:colcon.colcon_core.environment:checking '/home/shivam/pr2_ws/src/pr2/install/pr2/lib'
[10.225s] Level 1:colcon.colcon_core.environment:checking '/home/shivam/pr2_ws/src/pr2/install/pr2/bin'
[10.225s] Level 1:colcon.colcon_core.environment:checking '/home/shivam/pr2_ws/src/pr2/install/pr2/lib/pkgconfig/pr2.pc'
[10.225s] Level 1:colcon.colcon_core.environment:checking '/home/shivam/pr2_ws/src/pr2/install/pr2/lib/python3.8/site-packages'
[10.225s] Level 1:colcon.colcon_core.environment:checking '/home/shivam/pr2_ws/src/pr2/install/pr2/bin'
[10.267s] INFO:colcon.colcon_core.shell:Creating package script '/home/shivam/pr2_ws/src/pr2/install/pr2/share/pr2/package.ps1'
[10.269s] INFO:colcon.colcon_core.shell:Creating package descriptor '/home/shivam/pr2_ws/src/pr2/install/pr2/share/pr2/package.dsv'
[10.271s] INFO:colcon.colcon_core.shell:Creating package script '/home/shivam/pr2_ws/src/pr2/install/pr2/share/pr2/package.sh'
[10.272s] INFO:colcon.colcon_core.shell:Creating package script '/home/shivam/pr2_ws/src/pr2/install/pr2/share/pr2/package.bash'
[10.288s] INFO:colcon.colcon_core.shell:Creating package script '/home/shivam/pr2_ws/src/pr2/install/pr2/share/pr2/package.zsh'
[10.306s] Level 1:colcon.colcon_core.environment:create_file_with_runtime_dependencies(/home/shivam/pr2_ws/src/pr2/install/pr2/share/colcon-core/packages/pr2)
[10.407s] Level 1:colcon.colcon_core.environment:create_environment_scripts_only(pr2)
[10.445s] Level 1:colcon.colcon_core.environment:checking '/home/shivam/pr2_ws/src/pr2/install/pr2' for CMake module files
[10.446s] Level 1:colcon.colcon_core.environment:checking '/home/shivam/pr2_ws/src/pr2/install/pr2' for CMake config files
[10.447s] Level 1:colcon.colcon_core.shell:create_environment_hook('pr2', 'cmake_prefix_path')
[10.483s] INFO:colcon.colcon_core.shell:Creating environment hook '/home/shivam/pr2_ws/src/pr2/install/pr2/share/pr2/hook/cmake_prefix_path.ps1'
[10.484s] INFO:colcon.colcon_core.shell:Creating environment descriptor '/home/shivam/pr2_ws/src/pr2/install/pr2/share/pr2/hook/cmake_prefix_path.dsv'
[10.485s] INFO:colcon.colcon_core.shell:Creating environment hook '/home/shivam/pr2_ws/src/pr2/install/pr2/share/pr2/hook/cmake_prefix_path.sh'
[10.486s] Level 1:colcon.colcon_core.environment:checking '/home/shivam/pr2_ws/src/pr2/install/pr2/lib'
[10.486s] Level 1:colcon.colcon_core.environment:checking '/home/shivam/pr2_ws/src/pr2/install/pr2/bin'
[10.486s] Level 1:colcon.colcon_core.environment:checking '/home/shivam/pr2_ws/src/pr2/install/pr2/lib/pkgconfig/pr2.pc'
[10.486s] Level 1:colcon.colcon_core.environment:checking '/home/shivam/pr2_ws/src/pr2/install/pr2/lib/python3.8/site-packages'
[10.486s] Level 1:colcon.colcon_core.environment:checking '/home/shivam/pr2_ws/src/pr2/install/pr2/bin'
[10.524s] INFO:colcon.colcon_core.shell:Creating package script '/home/shivam/pr2_ws/src/pr2/install/pr2/share/pr2/package.ps1'
[10.525s] INFO:colcon.colcon_core.shell:Creating package descriptor '/home/shivam/pr2_ws/src/pr2/install/pr2/share/pr2/package.dsv'
[10.527s] INFO:colcon.colcon_core.shell:Creating package script '/home/shivam/pr2_ws/src/pr2/install/pr2/share/pr2/package.sh'
[10.528s] INFO:colcon.colcon_core.shell:Creating package script '/home/shivam/pr2_ws/src/pr2/install/pr2/share/pr2/package.bash'
[10.529s] INFO:colcon.colcon_core.shell:Creating package script '/home/shivam/pr2_ws/src/pr2/install/pr2/share/pr2/package.zsh'
[10.531s] Level 1:colcon.colcon_core.environment:create_file_with_runtime_dependencies(/home/shivam/pr2_ws/src/pr2/install/pr2/share/colcon-core/packages/pr2)
[10.532s] DEBUG:colcon.colcon_parallel_executor.executor.parallel:closing loop
[10.532s] DEBUG:colcon.colcon_parallel_executor.executor.parallel:loop closed
[10.533s] DEBUG:colcon.colcon_parallel_executor.executor.parallel:run_until_complete finished with '0'
[10.533s] DEBUG:colcon.colcon_core.event_reactor:joining thread
[10.602s] INFO:colcon.colcon_core.plugin_system:Skipping extension 'colcon_notification.desktop_notification.terminal_notifier': Not used on non-Darwin systems
[10.603s] INFO:colcon.colcon_core.plugin_system:Skipping extension 'colcon_notification.desktop_notification.win32': Not used on non-Windows systems
[10.603s] INFO:colcon.colcon_notification.desktop_notification:Sending desktop notification using 'notify2'
[10.654s] DEBUG:colcon.colcon_core.event_reactor:joined thread
[10.695s] INFO:colcon.colcon_core.shell:Creating prefix script '/home/shivam/pr2_ws/src/pr2/install/local_setup.ps1'
[10.698s] INFO:colcon.colcon_core.shell:Creating prefix util module '/home/shivam/pr2_ws/src/pr2/install/_local_setup_util_ps1.py'
[10.713s] INFO:colcon.colcon_core.shell:Creating prefix chain script '/home/shivam/pr2_ws/src/pr2/install/setup.ps1'
[10.763s] INFO:colcon.colcon_core.shell:Creating prefix script '/home/shivam/pr2_ws/src/pr2/install/local_setup.sh'
[10.765s] INFO:colcon.colcon_core.shell:Creating prefix util module '/home/shivam/pr2_ws/src/pr2/install/_local_setup_util_sh.py'
[10.766s] INFO:colcon.colcon_core.shell:Creating prefix chain script '/home/shivam/pr2_ws/src/pr2/install/setup.sh'
[10.804s] INFO:colcon.colcon_core.shell:Creating prefix script '/home/shivam/pr2_ws/src/pr2/install/local_setup.bash'
[10.807s] INFO:colcon.colcon_core.shell:Creating prefix chain script '/home/shivam/pr2_ws/src/pr2/install/setup.bash'
[10.850s] INFO:colcon.colcon_core.shell:Creating prefix script '/home/shivam/pr2_ws/src/pr2/install/local_setup.zsh'
[10.852s] INFO:colcon.colcon_core.shell:Creating prefix chain script '/home/shivam/pr2_ws/src/pr2/install/setup.zsh'
